Starting System MySQL...
-> [DB INIT] Table checkd/created

--- new cylce ---
Fetching weather data
-> [DB INSERT] Record saved
Current weather data: 22.91 °C
Fetching outdoor weather data
proccess outdoor weather data
-> [DB INSERT] Record saved
Current weather data from API: 1.7 °C

--- new cylce ---
Fetching weather data
-> [DB INSERT] Record saved
Current weather data: 22.91 °C

--- new cylce ---
Fetching weather data
-> [DB INSERT] Record saved
Current weather data: 22.91 °C

--- new cylce ---
Fetching weather data
-> [DB INSERT] Record saved
Current weather data: 22.84 °C

--- new cylce ---
Fetching weather data
-> [DB INSERT] Record saved
Current weather data: 22.85 °C

--- new cylce ---
Fetching weather data
-> [DB INSERT] Record saved
Current weather data: 22.98 °C

--- new cylce ---
Fetching weather data
-> [DB INSERT] Record saved
Current weather data: 22.91 °C
Fetching outdoor weather data
proccess outdoor weather data
-> [DB INSERT] Record saved
Current weather data from API: 1.5 °C

--- new cylce ---
Fetching weather data
-> [DB INSERT] Record saved
Current weather data: 22.92 °C

--- new cylce ---
Fetching weather data
-> [DB INSERT] Record saved
Current weather data: 22.91 °C

--- new cylce ---
Fetching weather data
-> [DB INSERT] Record saved
Current weather data: 22.92 °C

--- new cylce ---
Fetching weather data
-> [DB INSERT] Record saved
Current weather data: 22.92 °C

--- new cylce ---
Fetching weather data
-> [DB INSERT] Record saved
Current weather data: 22.92 °C

--- new cylce ---
Fetching weather data
-> [DB INSERT] Record saved
Current weather data: 22.98 °C
Fetching outdoor weather data
proccess outdoor weather data
-> [DB INSERT] Record saved
Current weather data from API: 1.5 °C

--- new cylce ---
Fetching weather data
-> [DB INSERT] Record saved
Current weather data: 23.04 °C

--- new cylce ---
Fetching weather data
-> [DB INSERT] Record saved
Current weather data: 23.12 °C

--- new cylce ---
Fetching weather data
-> [DB INSERT] Record saved
Current weather data: 23.19 °C

--- new cylce ---
Fetching weather data
-> [DB INSERT] Record saved
Current weather data: 23.19 °C

--- new cylce ---
Fetching weather data
-> [DB INSERT] Record saved
Current weather data: 23.38 °C

--- new cylce ---
Fetching weather data
-> [DB INSERT] Record saved
Current weather data: 23.32 °C
Fetching outdoor weather data
proccess outdoor weather data
-> [DB INSERT] Record saved
Current weather data from API: 1.3 °C

--- new cylce ---
Fetching weather data
Error: HTTPConnectionPool(host='wemosd1_weatherstation.local', port=80): Max retries exceeded with url: /data.json (Caused by NameResolutionError("HTTPConnection(host='wemosd1_weatherstation.local', port=80): Failed to resolve 'wemosd1_weatherstation.local' ([Errno -2] Name or service not known)"))
No Data from WeMosD1. Attempt 1/3...
Fetching weather data
-> [DB INSERT] Record saved
Current weather data: 23.25 °C

--- new cylce ---
Fetching weather data
Error: HTTPConnectionPool(host='wemosd1_weatherstation.local', port=80): Max retries exceeded with url: /data.json (Caused by NameResolutionError("HTTPConnection(host='wemosd1_weatherstation.local', port=80): Failed to resolve 'wemosd1_weatherstation.local' ([Errno -2] Name or service not known)"))
No Data from WeMosD1. Attempt 1/3...
Fetching weather data
-> [DB INSERT] Record saved
Current weather data: 23.18 °C

--- new cylce ---
Fetching weather data
-> [DB INSERT] Record saved
Current weather data: 23.19 °C

--- new cylce ---
Fetching weather data
-> [DB INSERT] Record saved
Current weather data: 21.68 °C

--- new cylce ---
Fetching weather data
-> [DB INSERT] Record saved
Current weather data: 19.85 °C

--- new cylce ---
Fetching weather data
-> [DB INSERT] Record saved
Current weather data: 20.69 °C
Fetching outdoor weather data
proccess outdoor weather data
-> [DB INSERT] Record saved
Current weather data from API: 1.3 °C

--- new cylce ---
Fetching weather data
-> [DB INSERT] Record saved
Current weather data: 21.64 °C

--- new cylce ---
Fetching weather data
-> [DB INSERT] Record saved
Current weather data: 21.82 °C

--- new cylce ---
Fetching weather data
-> [DB INSERT] Record saved
Current weather data: 21.9 °C

--- new cylce ---
Fetching weather data
-> [DB INSERT] Record saved
Current weather data: 22.0 °C

--- new cylce ---
Fetching weather data
-> [DB INSERT] Record saved
Current weather data: 22.03 °C

--- new cylce ---
Fetching weather data
-> [DB INSERT] Record saved
Current weather data: 21.99 °C
Fetching outdoor weather data
proccess outdoor weather data
-> [DB INSERT] Record saved
Current weather data from API: 1.1 °C

--- new cylce ---
Fetching weather data
-> [DB INSERT] Record saved
Current weather data: 21.93 °C

--- new cylce ---
Fetching weather data
-> [DB INSERT] Record saved
Current weather data: 21.88 °C

--- new cylce ---
Fetching weather data
-> [DB INSERT] Record saved
Current weather data: 21.89 °C

--- new cylce ---
Fetching weather data
-> [DB INSERT] Record saved
Current weather data: 21.9 °C

--- new cylce ---
Fetching weather data
-> [DB INSERT] Record saved
Current weather data: 21.84 °C

--- new cylce ---
Fetching weather data
-> [DB INSERT] Record saved
Current weather data: 21.78 °C
Fetching outdoor weather data
proccess outdoor weather data
-> [DB INSERT] Record saved
Current weather data from API: 1.1 °C

--- new cylce ---
Fetching weather data
-> [DB INSERT] Record saved
Current weather data: 21.84 °C

--- new cylce ---
Fetching weather data
-> [DB INSERT] Record saved
Current weather data: 21.85 °C

--- new cylce ---
Fetching weather data
-> [DB INSERT] Record saved
Current weather data: 21.85 °C

--- new cylce ---
Fetching weather data
Error: HTTPConnectionPool(host='wemosd1_weatherstation.local', port=80): Max retries exceeded with url: /data.json (Caused by NameResolutionError("HTTPConnection(host='wemosd1_weatherstation.local', port=80): Failed to resolve 'wemosd1_weatherstation.local' ([Errno -2] Name or service not known)"))
No Data from WeMosD1. Attempt 1/3...
Fetching weather data
-> [DB INSERT] Record saved
Current weather data: 21.78 °C

--- new cylce ---
Fetching weather data
-> [DB INSERT] Record saved
Current weather data: 21.79 °C

--- new cylce ---
Fetching weather data
-> [DB INSERT] Record saved
Current weather data: 21.72 °C
Fetching outdoor weather data
proccess outdoor weather data
-> [DB INSERT] Record saved
Current weather data from API: 1.2 °C

--- new cylce ---
Fetching weather data
-> [DB INSERT] Record saved
Current weather data: 21.73 °C

--- new cylce ---
Fetching weather data
-> [DB INSERT] Record saved
Current weather data: 21.73 °C

--- new cylce ---
Fetching weather data
Error: HTTPConnectionPool(host='wemosd1_weatherstation.local', port=80): Max retries exceeded with url: /data.json (Caused by NameResolutionError("HTTPConnection(host='wemosd1_weatherstation.local', port=80): Failed to resolve 'wemosd1_weatherstation.local' ([Errno -2] Name or service not known)"))
No Data from WeMosD1. Attempt 1/3...
Fetching weather data
-> [DB INSERT] Record saved
Current weather data: 21.73 °C

--- new cylce ---
Fetching weather data
Error: HTTPConnectionPool(host='wemosd1_weatherstation.local', port=80): Max retries exceeded with url: /data.json (Caused by NameResolutionError("HTTPConnection(host='wemosd1_weatherstation.local', port=80): Failed to resolve 'wemosd1_weatherstation.local' ([Errno -2] Name or service not known)"))
No Data from WeMosD1. Attempt 1/3...
Fetching weather data
Error: HTTPConnectionPool(host='wemosd1_weatherstation.local', port=80): Max retries exceeded with url: /data.json (Caused by NameResolutionError("HTTPConnection(host='wemosd1_weatherstation.local', port=80): Failed to resolve 'wemosd1_weatherstation.local' ([Errno -2] Name or service not known)"))
No Data from WeMosD1. Attempt 2/3...
Fetching weather data
Error: HTTPConnectionPool(host='wemosd1_weatherstation.local', port=80): Max retries exceeded with url: /data.json (Caused by NameResolutionError("HTTPConnection(host='wemosd1_weatherstation.local', port=80): Failed to resolve 'wemosd1_weatherstation.local' ([Errno -2] Name or service not known)"))
No Data from WeMosD1. Attempt 3/3...

--- new cylce ---
Fetching weather data
Error: HTTPConnectionPool(host='wemosd1_weatherstation.local', port=80): Max retries exceeded with url: /data.json (Caused by NameResolutionError("HTTPConnection(host='wemosd1_weatherstation.local', port=80): Failed to resolve 'wemosd1_weatherstation.local' ([Errno -2] Name or service not known)"))
No Data from WeMosD1. Attempt 1/3...
Fetching weather data
Error: HTTPConnectionPool(host='wemosd1_weatherstation.local', port=80): Max retries exceeded with url: /data.json (Caused by NameResolutionError("HTTPConnection(host='wemosd1_weatherstation.local', port=80): Failed to resolve 'wemosd1_weatherstation.local' ([Errno -2] Name or service not known)"))
No Data from WeMosD1. Attempt 2/3...
Fetching weather data
Error: HTTPConnectionPool(host='wemosd1_weatherstation.local', port=80): Max retries exceeded with url: /data.json (Caused by NameResolutionError("HTTPConnection(host='wemosd1_weatherstation.local', port=80): Failed to resolve 'wemosd1_weatherstation.local' ([Errno -2] Name or service not known)"))
No Data from WeMosD1. Attempt 3/3...

--- new cylce ---
Fetching weather data
-> [DB INSERT] Record saved
Current weather data: 21.67 °C
Fetching outdoor weather data
proccess outdoor weather data
-> [DB INSERT] Record saved
Current weather data from API: 1.2 °C

--- new cylce ---
Fetching weather data
Error: HTTPConnectionPool(host='wemosd1_weatherstation.local', port=80): Max retries exceeded with url: /data.json (Caused by NameResolutionError("HTTPConnection(host='wemosd1_weatherstation.local', port=80): Failed to resolve 'wemosd1_weatherstation.local' ([Errno -2] Name or service not known)"))
No Data from WeMosD1. Attempt 1/3...
Fetching weather data
Error: HTTPConnectionPool(host='wemosd1_weatherstation.local', port=80): Max retries exceeded with url: /data.json (Caused by NameResolutionError("HTTPConnection(host='wemosd1_weatherstation.local', port=80): Failed to resolve 'wemosd1_weatherstation.local' ([Errno -2] Name or service not known)"))
No Data from WeMosD1. Attempt 2/3...
Fetching weather data
Error: HTTPConnectionPool(host='wemosd1_weatherstation.local', port=80): Max retries exceeded with url: /data.json (Caused by NameResolutionError("HTTPConnection(host='wemosd1_weatherstation.local', port=80): Failed to resolve 'wemosd1_weatherstation.local' ([Errno -2] Name or service not known)"))
No Data from WeMosD1. Attempt 3/3...

--- new cylce ---
Fetching weather data
-> [DB INSERT] Record saved
Current weather data: 21.74 °C

--- new cylce ---
Fetching weather data
-> [DB INSERT] Record saved
Current weather data: 21.67 °C

--- new cylce ---
Fetching weather data
Error: HTTPConnectionPool(host='wemosd1_weatherstation.local', port=80): Max retries exceeded with url: /data.json (Caused by NameResolutionError("HTTPConnection(host='wemosd1_weatherstation.local', port=80): Failed to resolve 'wemosd1_weatherstation.local' ([Errno -2] Name or service not known)"))
No Data from WeMosD1. Attempt 1/3...
Fetching weather data
Error: HTTPConnectionPool(host='wemosd1_weatherstation.local', port=80): Max retries exceeded with url: /data.json (Caused by NameResolutionError("HTTPConnection(host='wemosd1_weatherstation.local', port=80): Failed to resolve 'wemosd1_weatherstation.local' ([Errno -2] Name or service not known)"))
No Data from WeMosD1. Attempt 2/3...
Fetching weather data
Error: HTTPConnectionPool(host='wemosd1_weatherstation.local', port=80): Max retries exceeded with url: /data.json (Caused by NameResolutionError("HTTPConnection(host='wemosd1_weatherstation.local', port=80): Failed to resolve 'wemosd1_weatherstation.local' ([Errno -2] Name or service not known)"))
No Data from WeMosD1. Attempt 3/3...

--- new cylce ---
Fetching weather data
Error: HTTPConnectionPool(host='wemosd1_weatherstation.local', port=80): Max retries exceeded with url: /data.json (Caused by NameResolutionError("HTTPConnection(host='wemosd1_weatherstation.local', port=80): Failed to resolve 'wemosd1_weatherstation.local' ([Errno -2] Name or service not known)"))
No Data from WeMosD1. Attempt 1/3...
Fetching weather data
-> [DB INSERT] Record saved
Current weather data: 21.67 °C

--- new cylce ---
Fetching weather data
-> [DB INSERT] Record saved
Current weather data: 21.68 °C
Fetching outdoor weather data
proccess outdoor weather data
-> [DB INSERT] Record saved
Current weather data from API: 1.2 °C

--- new cylce ---
Fetching weather data
Error: HTTPConnectionPool(host='wemosd1_weatherstation.local', port=80): Max retries exceeded with url: /data.json (Caused by NameResolutionError("HTTPConnection(host='wemosd1_weatherstation.local', port=80): Failed to resolve 'wemosd1_weatherstation.local' ([Errno -2] Name or service not known)"))
No Data from WeMosD1. Attempt 1/3...
Fetching weather data
Error: HTTPConnectionPool(host='wemosd1_weatherstation.local', port=80): Max retries exceeded with url: /data.json (Caused by NameResolutionError("HTTPConnection(host='wemosd1_weatherstation.local', port=80): Failed to resolve 'wemosd1_weatherstation.local' ([Errno -2] Name or service not known)"))
No Data from WeMosD1. Attempt 2/3...
Fetching weather data
Error: HTTPConnectionPool(host='wemosd1_weatherstation.local', port=80): Max retries exceeded with url: /data.json (Caused by NameResolutionError("HTTPConnection(host='wemosd1_weatherstation.local', port=80): Failed to resolve 'wemosd1_weatherstation.local' ([Errno -2] Name or service not known)"))
No Data from WeMosD1. Attempt 3/3...

--- new cylce ---
Fetching weather data
Error: HTTPConnectionPool(host='wemosd1_weatherstation.local', port=80): Max retries exceeded with url: /data.json (Caused by NameResolutionError("HTTPConnection(host='wemosd1_weatherstation.local', port=80): Failed to resolve 'wemosd1_weatherstation.local' ([Errno -2] Name or service not known)"))
No Data from WeMosD1. Attempt 1/3...
Fetching weather data
Error: HTTPConnectionPool(host='wemosd1_weatherstation.local', port=80): Max retries exceeded with url: /data.json (Caused by NameResolutionError("HTTPConnection(host='wemosd1_weatherstation.local', port=80): Failed to resolve 'wemosd1_weatherstation.local' ([Errno -2] Name or service not known)"))
No Data from WeMosD1. Attempt 2/3...
Fetching weather data
Error: HTTPConnectionPool(host='wemosd1_weatherstation.local', port=80): Max retries exceeded with url: /data.json (Caused by NameResolutionError("HTTPConnection(host='wemosd1_weatherstation.local', port=80): Failed to resolve 'wemosd1_weatherstation.local' ([Errno -2] Name or service not known)"))
No Data from WeMosD1. Attempt 3/3...

--- new cylce ---
Fetching weather data
Error: HTTPConnectionPool(host='wemosd1_weatherstation.local', port=80): Max retries exceeded with url: /data.json (Caused by NameResolutionError("HTTPConnection(host='wemosd1_weatherstation.local', port=80): Failed to resolve 'wemosd1_weatherstation.local' ([Errno -2] Name or service not known)"))
No Data from WeMosD1. Attempt 1/3...
Fetching weather data
Error: HTTPConnectionPool(host='wemosd1_weatherstation.local', port=80): Max retries exceeded with url: /data.json (Caused by NameResolutionError("HTTPConnection(host='wemosd1_weatherstation.local', port=80): Failed to resolve 'wemosd1_weatherstation.local' ([Errno -2] Name or service not known)"))
No Data from WeMosD1. Attempt 2/3...
Fetching weather data
Error: HTTPConnectionPool(host='wemosd1_weatherstation.local', port=80): Max retries exceeded with url: /data.json (Caused by NameResolutionError("HTTPConnection(host='wemosd1_weatherstation.local', port=80): Failed to resolve 'wemosd1_weatherstation.local' ([Errno -2] Name or service not known)"))
No Data from WeMosD1. Attempt 3/3...

--- new cylce ---
Fetching weather data
Error: HTTPConnectionPool(host='wemosd1_weatherstation.local', port=80): Max retries exceeded with url: /data.json (Caused by NameResolutionError("HTTPConnection(host='wemosd1_weatherstation.local', port=80): Failed to resolve 'wemosd1_weatherstation.local' ([Errno -2] Name or service not known)"))
No Data from WeMosD1. Attempt 1/3...
Fetching weather data
Error: HTTPConnectionPool(host='wemosd1_weatherstation.local', port=80): Max retries exceeded with url: /data.json (Caused by NameResolutionError("HTTPConnection(host='wemosd1_weatherstation.local', port=80): Failed to resolve 'wemosd1_weatherstation.local' ([Errno -2] Name or service not known)"))
No Data from WeMosD1. Attempt 2/3...
Fetching weather data
Error: HTTPConnectionPool(host='wemosd1_weatherstation.local', port=80): Max retries exceeded with url: /data.json (Caused by NameResolutionError("HTTPConnection(host='wemosd1_weatherstation.local', port=80): Failed to resolve 'wemosd1_weatherstation.local' ([Errno -2] Name or service not known)"))
No Data from WeMosD1. Attempt 3/3...

--- new cylce ---
Fetching weather data
-> [DB INSERT] Record saved
Current weather data: 21.55 °C

--- new cylce ---
Fetching weather data
Error: HTTPConnectionPool(host='wemosd1_weatherstation.local', port=80): Max retries exceeded with url: /data.json (Caused by NameResolutionError("HTTPConnection(host='wemosd1_weatherstation.local', port=80): Failed to resolve 'wemosd1_weatherstation.local' ([Errno -2] Name or service not known)"))
No Data from WeMosD1. Attempt 1/3...
Fetching weather data
-> [DB INSERT] Record saved
Current weather data: 21.55 °C
Fetching outdoor weather data
proccess outdoor weather data
-> [DB INSERT] Record saved
Current weather data from API: 0.7 °C

--- new cylce ---
Fetching weather data
Error: HTTPConnectionPool(host='wemosd1_weatherstation.local', port=80): Max retries exceeded with url: /data.json (Caused by NameResolutionError("HTTPConnection(host='wemosd1_weatherstation.local', port=80): Failed to resolve 'wemosd1_weatherstation.local' ([Errno -2] Name or service not known)"))
No Data from WeMosD1. Attempt 1/3...
Fetching weather data
Error: HTTPConnectionPool(host='wemosd1_weatherstation.local', port=80): Max retries exceeded with url: /data.json (Caused by NameResolutionError("HTTPConnection(host='wemosd1_weatherstation.local', port=80): Failed to resolve 'wemosd1_weatherstation.local' ([Errno -2] Name or service not known)"))
No Data from WeMosD1. Attempt 2/3...
Fetching weather data
Error: HTTPConnectionPool(host='wemosd1_weatherstation.local', port=80): Max retries exceeded with url: /data.json (Caused by NameResolutionError("HTTPConnection(host='wemosd1_weatherstation.local', port=80): Failed to resolve 'wemosd1_weatherstation.local' ([Errno -2] Name or service not known)"))
No Data from WeMosD1. Attempt 3/3...

--- new cylce ---
Fetching weather data
Error: HTTPConnectionPool(host='wemosd1_weatherstation.local', port=80): Max retries exceeded with url: /data.json (Caused by NameResolutionError("HTTPConnection(host='wemosd1_weatherstation.local', port=80): Failed to resolve 'wemosd1_weatherstation.local' ([Errno -2] Name or service not known)"))
No Data from WeMosD1. Attempt 1/3...
Fetching weather data
Error: HTTPConnectionPool(host='wemosd1_weatherstation.local', port=80): Max retries exceeded with url: /data.json (Caused by NameResolutionError("HTTPConnection(host='wemosd1_weatherstation.local', port=80): Failed to resolve 'wemosd1_weatherstation.local' ([Errno -2] Name or service not known)"))
No Data from WeMosD1. Attempt 2/3...
Fetching weather data
Error: HTTPConnectionPool(host='wemosd1_weatherstation.local', port=80): Max retries exceeded with url: /data.json (Caused by NameResolutionError("HTTPConnection(host='wemosd1_weatherstation.local', port=80): Failed to resolve 'wemosd1_weatherstation.local' ([Errno -2] Name or service not known)"))
No Data from WeMosD1. Attempt 3/3...

--- new cylce ---
Fetching weather data
-> [DB INSERT] Record saved
Current weather data: 21.48 °C

--- new cylce ---
Fetching weather data
-> [DB INSERT] Record saved
Current weather data: 21.48 °C

--- new cylce ---
Fetching weather data
-> [DB INSERT] Record saved
Current weather data: 21.48 °C

--- new cylce ---
Fetching weather data
-> [DB INSERT] Record saved
Current weather data: 21.48 °C
Fetching outdoor weather data
proccess outdoor weather data
-> [DB INSERT] Record saved
Current weather data from API: 0.6 °C

--- new cylce ---
Fetching weather data
-> [DB INSERT] Record saved
Current weather data: 21.49 °C

--- new cylce ---
Fetching weather data
-> [DB INSERT] Record saved
Current weather data: 21.42 °C

--- new cylce ---
Fetching weather data
-> [DB INSERT] Record saved
Current weather data: 21.42 °C

--- new cylce ---
Fetching weather data
-> [DB INSERT] Record saved
Current weather data: 21.49 °C

--- new cylce ---
Fetching weather data
-> [DB INSERT] Record saved
Current weather data: 21.49 °C

--- new cylce ---
Fetching weather data
-> [DB INSERT] Record saved
Current weather data: 21.5 °C
Fetching outdoor weather data
proccess outdoor weather data
-> [DB INSERT] Record saved
Current weather data from API: 0.6 °C

--- new cylce ---
Fetching weather data
-> [DB INSERT] Record saved
Current weather data: 21.5 °C

--- new cylce ---
Fetching weather data
Error: HTTPConnectionPool(host='wemosd1_weatherstation.local', port=80): Max retries exceeded with url: /data.json (Caused by NameResolutionError("HTTPConnection(host='wemosd1_weatherstation.local', port=80): Failed to resolve 'wemosd1_weatherstation.local' ([Errno -2] Name or service not known)"))
No Data from WeMosD1. Attempt 1/3...
Fetching weather data
Error: HTTPConnectionPool(host='wemosd1_weatherstation.local', port=80): Max retries exceeded with url: /data.json (Caused by NameResolutionError("HTTPConnection(host='wemosd1_weatherstation.local', port=80): Failed to resolve 'wemosd1_weatherstation.local' ([Errno -2] Name or service not known)"))
No Data from WeMosD1. Attempt 2/3...
Fetching weather data
Error: HTTPConnectionPool(host='wemosd1_weatherstation.local', port=80): Max retries exceeded with url: /data.json (Caused by NameResolutionError("HTTPConnection(host='wemosd1_weatherstation.local', port=80): Failed to resolve 'wemosd1_weatherstation.local' ([Errno -2] Name or service not known)"))
No Data from WeMosD1. Attempt 3/3...

--- new cylce ---
Fetching weather data
-> [DB INSERT] Record saved
Current weather data: 21.51 °C

--- new cylce ---
Fetching weather data
-> [DB INSERT] Record saved
Current weather data: 21.51 °C

--- new cylce ---
Fetching weather data
Error: HTTPConnectionPool(host='wemosd1_weatherstation.local', port=80): Max retries exceeded with url: /data.json (Caused by NameResolutionError("HTTPConnection(host='wemosd1_weatherstation.local', port=80): Failed to resolve 'wemosd1_weatherstation.local' ([Errno -2] Name or service not known)"))
No Data from WeMosD1. Attempt 1/3...
Fetching weather data
Error: HTTPConnectionPool(host='wemosd1_weatherstation.local', port=80): Max retries exceeded with url: /data.json (Caused by NameResolutionError("HTTPConnection(host='wemosd1_weatherstation.local', port=80): Failed to resolve 'wemosd1_weatherstation.local' ([Errno -2] Name or service not known)"))
No Data from WeMosD1. Attempt 2/3...
Fetching weather data
Error: HTTPConnectionPool(host='wemosd1_weatherstation.local', port=80): Max retries exceeded with url: /data.json (Caused by NameResolutionError("HTTPConnection(host='wemosd1_weatherstation.local', port=80): Failed to resolve 'wemosd1_weatherstation.local' ([Errno -2] Name or service not known)"))
No Data from WeMosD1. Attempt 3/3...

--- new cylce ---
Fetching weather data
Error: HTTPConnectionPool(host='wemosd1_weatherstation.local', port=80): Max retries exceeded with url: /data.json (Caused by NameResolutionError("HTTPConnection(host='wemosd1_weatherstation.local', port=80): Failed to resolve 'wemosd1_weatherstation.local' ([Errno -2] Name or service not known)"))
No Data from WeMosD1. Attempt 1/3...
Fetching weather data
-> [DB INSERT] Record saved
Current weather data: 21.52 °C
Fetching outdoor weather data
proccess outdoor weather data
-> [DB INSERT] Record saved
Current weather data from API: 0.7 °C

--- new cylce ---
Fetching weather data
Error: HTTPConnectionPool(host='wemosd1_weatherstation.local', port=80): Max retries exceeded with url: /data.json (Caused by NameResolutionError("HTTPConnection(host='wemosd1_weatherstation.local', port=80): Failed to resolve 'wemosd1_weatherstation.local' ([Errno -2] Name or service not known)"))
No Data from WeMosD1. Attempt 1/3...
Fetching weather data
Error: HTTPConnectionPool(host='wemosd1_weatherstation.local', port=80): Max retries exceeded with url: /data.json (Caused by NameResolutionError("HTTPConnection(host='wemosd1_weatherstation.local', port=80): Failed to resolve 'wemosd1_weatherstation.local' ([Errno -2] Name or service not known)"))
No Data from WeMosD1. Attempt 2/3...
Fetching weather data
Error: HTTPConnectionPool(host='wemosd1_weatherstation.local', port=80): Max retries exceeded with url: /data.json (Caused by NameResolutionError("HTTPConnection(host='wemosd1_weatherstation.local', port=80): Failed to resolve 'wemosd1_weatherstation.local' ([Errno -2] Name or service not known)"))
No Data from WeMosD1. Attempt 3/3...

--- new cylce ---
Fetching weather data
Error: HTTPConnectionPool(host='wemosd1_weatherstation.local', port=80): Max retries exceeded with url: /data.json (Caused by NameResolutionError("HTTPConnection(host='wemosd1_weatherstation.local', port=80): Failed to resolve 'wemosd1_weatherstation.local' ([Errno -2] Name or service not known)"))
No Data from WeMosD1. Attempt 1/3...
Fetching weather data
Error: HTTPConnectionPool(host='wemosd1_weatherstation.local', port=80): Max retries exceeded with url: /data.json (Caused by NameResolutionError("HTTPConnection(host='wemosd1_weatherstation.local', port=80): Failed to resolve 'wemosd1_weatherstation.local' ([Errno -2] Name or service not known)"))
No Data from WeMosD1. Attempt 2/3...
Fetching weather data
Error: HTTPConnectionPool(host='wemosd1_weatherstation.local', port=80): Max retries exceeded with url: /data.json (Caused by NameResolutionError("HTTPConnection(host='wemosd1_weatherstation.local', port=80): Failed to resolve 'wemosd1_weatherstation.local' ([Errno -2] Name or service not known)"))
No Data from WeMosD1. Attempt 3/3...

--- new cylce ---
Fetching weather data
Error: HTTPConnectionPool(host='wemosd1_weatherstation.local', port=80): Max retries exceeded with url: /data.json (Caused by NameResolutionError("HTTPConnection(host='wemosd1_weatherstation.local', port=80): Failed to resolve 'wemosd1_weatherstation.local' ([Errno -2] Name or service not known)"))
No Data from WeMosD1. Attempt 1/3...
Fetching weather data
Error: HTTPConnectionPool(host='wemosd1_weatherstation.local', port=80): Max retries exceeded with url: /data.json (Caused by NameResolutionError("HTTPConnection(host='wemosd1_weatherstation.local', port=80): Failed to resolve 'wemosd1_weatherstation.local' ([Errno -2] Name or service not known)"))
No Data from WeMosD1. Attempt 2/3...
Fetching weather data
Error: HTTPConnectionPool(host='wemosd1_weatherstation.local', port=80): Max retries exceeded with url: /data.json (Caused by NameResolutionError("HTTPConnection(host='wemosd1_weatherstation.local', port=80): Failed to resolve 'wemosd1_weatherstation.local' ([Errno -2] Name or service not known)"))
No Data from WeMosD1. Attempt 3/3...

--- new cylce ---
Fetching weather data
-> [DB INSERT] Record saved
Current weather data: 21.53 °C

--- new cylce ---
Fetching weather data
Error: HTTPConnectionPool(host='wemosd1_weatherstation.local', port=80): Max retries exceeded with url: /data.json (Caused by NameResolutionError("HTTPConnection(host='wemosd1_weatherstation.local', port=80): Failed to resolve 'wemosd1_weatherstation.local' ([Errno -2] Name or service not known)"))
No Data from WeMosD1. Attempt 1/3...
Fetching weather data
Error: HTTPConnectionPool(host='wemosd1_weatherstation.local', port=80): Max retries exceeded with url: /data.json (Caused by NameResolutionError("HTTPConnection(host='wemosd1_weatherstation.local', port=80): Failed to resolve 'wemosd1_weatherstation.local' ([Errno -2] Name or service not known)"))
No Data from WeMosD1. Attempt 2/3...
Fetching weather data
Error: HTTPConnectionPool(host='wemosd1_weatherstation.local', port=80): Max retries exceeded with url: /data.json (Caused by NameResolutionError("HTTPConnection(host='wemosd1_weatherstation.local', port=80): Failed to resolve 'wemosd1_weatherstation.local' ([Errno -2] Name or service not known)"))
No Data from WeMosD1. Attempt 3/3...

--- new cylce ---
Fetching weather data
-> [DB INSERT] Record saved
Current weather data: 21.54 °C
Fetching outdoor weather data
proccess outdoor weather data
-> [DB INSERT] Record saved
Current weather data from API: 0.7 °C

--- new cylce ---
Fetching weather data
-> [DB INSERT] Record saved
Current weather data: 21.54 °C

--- new cylce ---
Fetching weather data
-> [DB INSERT] Record saved
Current weather data: 21.59 °C

--- new cylce ---
Fetching weather data
Error: HTTPConnectionPool(host='wemosd1_weatherstation.local', port=80): Max retries exceeded with url: /data.json (Caused by NameResolutionError("HTTPConnection(host='wemosd1_weatherstation.local', port=80): Failed to resolve 'wemosd1_weatherstation.local' ([Errno -2] Name or service not known)"))
No Data from WeMosD1. Attempt 1/3...
Fetching weather data
Error: HTTPConnectionPool(host='wemosd1_weatherstation.local', port=80): Max retries exceeded with url: /data.json (Caused by NameResolutionError("HTTPConnection(host='wemosd1_weatherstation.local', port=80): Failed to resolve 'wemosd1_weatherstation.local' ([Errno -2] Name or service not known)"))
No Data from WeMosD1. Attempt 2/3...
Fetching weather data
Error: HTTPConnectionPool(host='wemosd1_weatherstation.local', port=80): Max retries exceeded with url: /data.json (Caused by NameResolutionError("HTTPConnection(host='wemosd1_weatherstation.local', port=80): Failed to resolve 'wemosd1_weatherstation.local' ([Errno -2] Name or service not known)"))
No Data from WeMosD1. Attempt 3/3...

--- new cylce ---
Fetching weather data
-> [DB INSERT] Record saved
Current weather data: 21.54 °C

--- new cylce ---
Fetching weather data
Error: HTTPConnectionPool(host='wemosd1_weatherstation.local', port=80): Max retries exceeded with url: /data.json (Caused by NameResolutionError("HTTPConnection(host='wemosd1_weatherstation.local', port=80): Failed to resolve 'wemosd1_weatherstation.local' ([Errno -2] Name or service not known)"))
No Data from WeMosD1. Attempt 1/3...
Fetching weather data
-> [DB INSERT] Record saved
Current weather data: 21.54 °C

--- new cylce ---
Fetching weather data
-> [DB INSERT] Record saved
Current weather data: 21.54 °C
Fetching outdoor weather data
proccess outdoor weather data
-> [DB INSERT] Record saved
Current weather data from API: 0.2 °C

--- new cylce ---
Fetching weather data
-> [DB INSERT] Record saved
Current weather data: 21.54 °C

--- new cylce ---
Fetching weather data
-> [DB INSERT] Record saved
Current weather data: 21.55 °C

--- new cylce ---
Fetching weather data
Error: HTTPConnectionPool(host='wemosd1_weatherstation.local', port=80): Max retries exceeded with url: /data.json (Caused by NameResolutionError("HTTPConnection(host='wemosd1_weatherstation.local', port=80): Failed to resolve 'wemosd1_weatherstation.local' ([Errno -2] Name or service not known)"))
No Data from WeMosD1. Attempt 1/3...
Fetching weather data
Error: HTTPConnectionPool(host='wemosd1_weatherstation.local', port=80): Max retries exceeded with url: /data.json (Caused by NameResolutionError("HTTPConnection(host='wemosd1_weatherstation.local', port=80): Failed to resolve 'wemosd1_weatherstation.local' ([Errno -2] Name or service not known)"))
No Data from WeMosD1. Attempt 2/3...
Fetching weather data
Error: HTTPConnectionPool(host='wemosd1_weatherstation.local', port=80): Max retries exceeded with url: /data.json (Caused by NameResolutionError("HTTPConnection(host='wemosd1_weatherstation.local', port=80): Failed to resolve 'wemosd1_weatherstation.local' ([Errno -2] Name or service not known)"))
No Data from WeMosD1. Attempt 3/3...

--- new cylce ---
Fetching weather data
-> [DB INSERT] Record saved
Current weather data: 21.55 °C

--- new cylce ---
Fetching weather data
-> [DB INSERT] Record saved
Current weather data: 21.56 °C

--- new cylce ---
Fetching weather data
-> [DB INSERT] Record saved
Current weather data: 21.62 °C
Fetching outdoor weather data
proccess outdoor weather data
-> [DB INSERT] Record saved
Current weather data from API: 0.2 °C

--- new cylce ---
Fetching weather data
Error: HTTPConnectionPool(host='wemosd1_weatherstation.local', port=80): Max retries exceeded with url: /data.json (Caused by NameResolutionError("HTTPConnection(host='wemosd1_weatherstation.local', port=80): Failed to resolve 'wemosd1_weatherstation.local' ([Errno -2] Name or service not known)"))
No Data from WeMosD1. Attempt 1/3...
Fetching weather data
Error: HTTPConnectionPool(host='wemosd1_weatherstation.local', port=80): Max retries exceeded with url: /data.json (Caused by NameResolutionError("HTTPConnection(host='wemosd1_weatherstation.local', port=80): Failed to resolve 'wemosd1_weatherstation.local' ([Errno -2] Name or service not known)"))
No Data from WeMosD1. Attempt 2/3...
Fetching weather data
Error: HTTPConnectionPool(host='wemosd1_weatherstation.local', port=80): Max retries exceeded with url: /data.json (Caused by NameResolutionError("HTTPConnection(host='wemosd1_weatherstation.local', port=80): Failed to resolve 'wemosd1_weatherstation.local' ([Errno -2] Name or service not known)"))
No Data from WeMosD1. Attempt 3/3...

--- new cylce ---
Fetching weather data
Error: HTTPConnectionPool(host='wemosd1_weatherstation.local', port=80): Max retries exceeded with url: /data.json (Caused by NameResolutionError("HTTPConnection(host='wemosd1_weatherstation.local', port=80): Failed to resolve 'wemosd1_weatherstation.local' ([Errno -2] Name or service not known)"))
No Data from WeMosD1. Attempt 1/3...
Fetching weather data
Error: HTTPConnectionPool(host='wemosd1_weatherstation.local', port=80): Max retries exceeded with url: /data.json (Caused by NameResolutionError("HTTPConnection(host='wemosd1_weatherstation.local', port=80): Failed to resolve 'wemosd1_weatherstation.local' ([Errno -2] Name or service not known)"))
No Data from WeMosD1. Attempt 2/3...
Fetching weather data
Error: HTTPConnectionPool(host='wemosd1_weatherstation.local', port=80): Max retries exceeded with url: /data.json (Caused by NameResolutionError("HTTPConnection(host='wemosd1_weatherstation.local', port=80): Failed to resolve 'wemosd1_weatherstation.local' ([Errno -2] Name or service not known)"))
No Data from WeMosD1. Attempt 3/3...

--- new cylce ---
Fetching weather data
Error: HTTPConnectionPool(host='wemosd1_weatherstation.local', port=80): Max retries exceeded with url: /data.json (Caused by NameResolutionError("HTTPConnection(host='wemosd1_weatherstation.local', port=80): Failed to resolve 'wemosd1_weatherstation.local' ([Errno -2] Name or service not known)"))
No Data from WeMosD1. Attempt 1/3...
Fetching weather data
Error: HTTPConnectionPool(host='wemosd1_weatherstation.local', port=80): Max retries exceeded with url: /data.json (Caused by NameResolutionError("HTTPConnection(host='wemosd1_weatherstation.local', port=80): Failed to resolve 'wemosd1_weatherstation.local' ([Errno -2] Name or service not known)"))
No Data from WeMosD1. Attempt 2/3...
Fetching weather data
Error: HTTPConnectionPool(host='wemosd1_weatherstation.local', port=80): Max retries exceeded with url: /data.json (Caused by NameResolutionError("HTTPConnection(host='wemosd1_weatherstation.local', port=80): Failed to resolve 'wemosd1_weatherstation.local' ([Errno -2] Name or service not known)"))
No Data from WeMosD1. Attempt 3/3...

--- new cylce ---
Fetching weather data
Error: HTTPConnectionPool(host='wemosd1_weatherstation.local', port=80): Max retries exceeded with url: /data.json (Caused by NameResolutionError("HTTPConnection(host='wemosd1_weatherstation.local', port=80): Failed to resolve 'wemosd1_weatherstation.local' ([Errno -2] Name or service not known)"))
No Data from WeMosD1. Attempt 1/3...
Fetching weather data
Error: HTTPConnectionPool(host='wemosd1_weatherstation.local', port=80): Max retries exceeded with url: /data.json (Caused by NameResolutionError("HTTPConnection(host='wemosd1_weatherstation.local', port=80): Failed to resolve 'wemosd1_weatherstation.local' ([Errno -2] Name or service not known)"))
No Data from WeMosD1. Attempt 2/3...
Fetching weather data
Error: HTTPConnectionPool(host='wemosd1_weatherstation.local', port=80): Max retries exceeded with url: /data.json (Caused by NameResolutionError("HTTPConnection(host='wemosd1_weatherstation.local', port=80): Failed to resolve 'wemosd1_weatherstation.local' ([Errno -2] Name or service not known)"))
No Data from WeMosD1. Attempt 3/3...

--- new cylce ---
Fetching weather data
Error: HTTPConnectionPool(host='wemosd1_weatherstation.local', port=80): Max retries exceeded with url: /data.json (Caused by NameResolutionError("HTTPConnection(host='wemosd1_weatherstation.local', port=80): Failed to resolve 'wemosd1_weatherstation.local' ([Errno -2] Name or service not known)"))
No Data from WeMosD1. Attempt 1/3...
Fetching weather data
Error: HTTPConnectionPool(host='wemosd1_weatherstation.local', port=80): Max retries exceeded with url: /data.json (Caused by NameResolutionError("HTTPConnection(host='wemosd1_weatherstation.local', port=80): Failed to resolve 'wemosd1_weatherstation.local' ([Errno -2] Name or service not known)"))
No Data from WeMosD1. Attempt 2/3...
Fetching weather data
Error: HTTPConnectionPool(host='wemosd1_weatherstation.local', port=80): Max retries exceeded with url: /data.json (Caused by NameResolutionError("HTTPConnection(host='wemosd1_weatherstation.local', port=80): Failed to resolve 'wemosd1_weatherstation.local' ([Errno -2] Name or service not known)"))
No Data from WeMosD1. Attempt 3/3...

--- new cylce ---
Fetching weather data
-> [DB INSERT] Record saved
Current weather data: 21.45 °C
Fetching outdoor weather data
proccess outdoor weather data
-> [DB INSERT] Record saved
Current weather data from API: 0.6 °C

--- new cylce ---
Fetching weather data
Error: HTTPConnectionPool(host='wemosd1_weatherstation.local', port=80): Max retries exceeded with url: /data.json (Caused by NameResolutionError("HTTPConnection(host='wemosd1_weatherstation.local', port=80): Failed to resolve 'wemosd1_weatherstation.local' ([Errno -2] Name or service not known)"))
No Data from WeMosD1. Attempt 1/3...
Fetching weather data
Error: HTTPConnectionPool(host='wemosd1_weatherstation.local', port=80): Max retries exceeded with url: /data.json (Caused by NameResolutionError("HTTPConnection(host='wemosd1_weatherstation.local', port=80): Failed to resolve 'wemosd1_weatherstation.local' ([Errno -2] Name or service not known)"))
No Data from WeMosD1. Attempt 2/3...
Fetching weather data
Error: HTTPConnectionPool(host='wemosd1_weatherstation.local', port=80): Max retries exceeded with url: /data.json (Caused by NameResolutionError("HTTPConnection(host='wemosd1_weatherstation.local', port=80): Failed to resolve 'wemosd1_weatherstation.local' ([Errno -2] Name or service not known)"))
No Data from WeMosD1. Attempt 3/3...

--- new cylce ---
Fetching weather data
-> [DB INSERT] Record saved
Current weather data: 21.46 °C

--- new cylce ---
Fetching weather data
-> [DB INSERT] Record saved
Current weather data: 21.52 °C

--- new cylce ---
Fetching weather data
-> [DB INSERT] Record saved
Current weather data: 21.59 °C

--- new cylce ---
Fetching weather data
-> [DB INSERT] Record saved
Current weather data: 21.94 °C

--- new cylce ---
Fetching weather data
-> [DB INSERT] Record saved
Current weather data: 21.67 °C
Fetching outdoor weather data
proccess outdoor weather data
-> [DB INSERT] Record saved
Current weather data from API: 0.6 °C

--- new cylce ---
Fetching weather data
-> [DB INSERT] Record saved
Current weather data: 21.66 °C

--- new cylce ---
Fetching weather data
-> [DB INSERT] Record saved
Current weather data: 21.66 °C

--- new cylce ---
Fetching weather data
-> [DB INSERT] Record saved
Current weather data: 21.58 °C

--- new cylce ---
Fetching weather data
-> [DB INSERT] Record saved
Current weather data: 21.58 °C

--- new cylce ---
Fetching weather data
-> [DB INSERT] Record saved
Current weather data: 21.57 °C

--- new cylce ---
Fetching weather data
-> [DB INSERT] Record saved
Current weather data: 21.57 °C
Fetching outdoor weather data
proccess outdoor weather data
-> [DB INSERT] Record saved
Current weather data from API: 0.7 °C

--- new cylce ---
Fetching weather data
Error: HTTPConnectionPool(host='wemosd1_weatherstation.local', port=80): Max retries exceeded with url: /data.json (Caused by NameResolutionError("HTTPConnection(host='wemosd1_weatherstation.local', port=80): Failed to resolve 'wemosd1_weatherstation.local' ([Errno -2] Name or service not known)"))
No Data from WeMosD1. Attempt 1/3...
Fetching weather data
Error: HTTPConnectionPool(host='wemosd1_weatherstation.local', port=80): Max retries exceeded with url: /data.json (Caused by NameResolutionError("HTTPConnection(host='wemosd1_weatherstation.local', port=80): Failed to resolve 'wemosd1_weatherstation.local' ([Errno -2] Name or service not known)"))
No Data from WeMosD1. Attempt 2/3...
Fetching weather data
Error: HTTPConnectionPool(host='wemosd1_weatherstation.local', port=80): Max retries exceeded with url: /data.json (Caused by NameResolutionError("HTTPConnection(host='wemosd1_weatherstation.local', port=80): Failed to resolve 'wemosd1_weatherstation.local' ([Errno -2] Name or service not known)"))
No Data from WeMosD1. Attempt 3/3...

--- new cylce ---
Fetching weather data
Error: HTTPConnectionPool(host='wemosd1_weatherstation.local', port=80): Max retries exceeded with url: /data.json (Caused by NameResolutionError("HTTPConnection(host='wemosd1_weatherstation.local', port=80): Failed to resolve 'wemosd1_weatherstation.local' ([Errno -2] Name or service not known)"))
No Data from WeMosD1. Attempt 1/3...
Fetching weather data
Error: HTTPConnectionPool(host='wemosd1_weatherstation.local', port=80): Max retries exceeded with url: /data.json (Caused by NameResolutionError("HTTPConnection(host='wemosd1_weatherstation.local', port=80): Failed to resolve 'wemosd1_weatherstation.local' ([Errno -2] Name or service not known)"))
No Data from WeMosD1. Attempt 2/3...
Fetching weather data
Error: HTTPConnectionPool(host='wemosd1_weatherstation.local', port=80): Max retries exceeded with url: /data.json (Caused by NameResolutionError("HTTPConnection(host='wemosd1_weatherstation.local', port=80): Failed to resolve 'wemosd1_weatherstation.local' ([Errno -2] Name or service not known)"))
No Data from WeMosD1. Attempt 3/3...

--- new cylce ---
Fetching weather data
-> [DB INSERT] Record saved
Current weather data: 21.64 °C

--- new cylce ---
Fetching weather data
Error: HTTPConnectionPool(host='wemosd1_weatherstation.local', port=80): Max retries exceeded with url: /data.json (Caused by NameResolutionError("HTTPConnection(host='wemosd1_weatherstation.local', port=80): Failed to resolve 'wemosd1_weatherstation.local' ([Errno -2] Name or service not known)"))
No Data from WeMosD1. Attempt 1/3...
Fetching weather data
Error: HTTPConnectionPool(host='wemosd1_weatherstation.local', port=80): Max retries exceeded with url: /data.json (Caused by NameResolutionError("HTTPConnection(host='wemosd1_weatherstation.local', port=80): Failed to resolve 'wemosd1_weatherstation.local' ([Errno -2] Name or service not known)"))
No Data from WeMosD1. Attempt 2/3...
Fetching weather data
Error: HTTPConnectionPool(host='wemosd1_weatherstation.local', port=80): Max retries exceeded with url: /data.json (Caused by NameResolutionError("HTTPConnection(host='wemosd1_weatherstation.local', port=80): Failed to resolve 'wemosd1_weatherstation.local' ([Errno -2] Name or service not known)"))
No Data from WeMosD1. Attempt 3/3...

--- new cylce ---
Fetching weather data
Error: HTTPConnectionPool(host='wemosd1_weatherstation.local', port=80): Max retries exceeded with url: /data.json (Caused by NameResolutionError("HTTPConnection(host='wemosd1_weatherstation.local', port=80): Failed to resolve 'wemosd1_weatherstation.local' ([Errno -2] Name or service not known)"))
No Data from WeMosD1. Attempt 1/3...
Fetching weather data
Error: HTTPConnectionPool(host='wemosd1_weatherstation.local', port=80): Max retries exceeded with url: /data.json (Caused by NameResolutionError("HTTPConnection(host='wemosd1_weatherstation.local', port=80): Failed to resolve 'wemosd1_weatherstation.local' ([Errno -2] Name or service not known)"))
No Data from WeMosD1. Attempt 2/3...
Fetching weather data
Error: HTTPConnectionPool(host='wemosd1_weatherstation.local', port=80): Max retries exceeded with url: /data.json (Caused by NameResolutionError("HTTPConnection(host='wemosd1_weatherstation.local', port=80): Failed to resolve 'wemosd1_weatherstation.local' ([Errno -2] Name or service not known)"))
No Data from WeMosD1. Attempt 3/3...

--- new cylce ---
Fetching weather data
Error: HTTPConnectionPool(host='wemosd1_weatherstation.local', port=80): Max retries exceeded with url: /data.json (Caused by NameResolutionError("HTTPConnection(host='wemosd1_weatherstation.local', port=80): Failed to resolve 'wemosd1_weatherstation.local' ([Errno -2] Name or service not known)"))
No Data from WeMosD1. Attempt 1/3...
Fetching weather data
-> [DB INSERT] Record saved
Current weather data: 21.57 °C
Fetching outdoor weather data
proccess outdoor weather data
-> [DB INSERT] Record saved
Current weather data from API: 1.4 °C

--- new cylce ---
Fetching weather data
-> [DB INSERT] Record saved
Current weather data: 21.57 °C

--- new cylce ---
Fetching weather data
-> [DB INSERT] Record saved
Current weather data: 21.57 °C

--- new cylce ---
Fetching weather data
-> [DB INSERT] Record saved
Current weather data: 21.58 °C

--- new cylce ---
Fetching weather data
Error: HTTPConnectionPool(host='wemosd1_weatherstation.local', port=80): Max retries exceeded with url: /data.json (Caused by NameResolutionError("HTTPConnection(host='wemosd1_weatherstation.local', port=80): Failed to resolve 'wemosd1_weatherstation.local' ([Errno -2] Name or service not known)"))
No Data from WeMosD1. Attempt 1/3...
Fetching weather data
Error: HTTPConnectionPool(host='wemosd1_weatherstation.local', port=80): Max retries exceeded with url: /data.json (Caused by NameResolutionError("HTTPConnection(host='wemosd1_weatherstation.local', port=80): Failed to resolve 'wemosd1_weatherstation.local' ([Errno -2] Name or service not known)"))
No Data from WeMosD1. Attempt 2/3...
Fetching weather data
Error: HTTPConnectionPool(host='wemosd1_weatherstation.local', port=80): Max retries exceeded with url: /data.json (Caused by NameResolutionError("HTTPConnection(host='wemosd1_weatherstation.local', port=80): Failed to resolve 'wemosd1_weatherstation.local' ([Errno -2] Name or service not known)"))
No Data from WeMosD1. Attempt 3/3...

--- new cylce ---
Fetching weather data
-> [DB INSERT] Record saved
Current weather data: 21.57 °C

--- new cylce ---
Fetching weather data
-> [DB INSERT] Record saved
Current weather data: 21.57 °C
Fetching outdoor weather data
proccess outdoor weather data
-> [DB INSERT] Record saved
Current weather data from API: 2.0 °C

--- new cylce ---
Fetching weather data
Error: HTTPConnectionPool(host='wemosd1_weatherstation.local', port=80): Max retries exceeded with url: /data.json (Caused by NameResolutionError("HTTPConnection(host='wemosd1_weatherstation.local', port=80): Failed to resolve 'wemosd1_weatherstation.local' ([Errno -2] Name or service not known)"))
No Data from WeMosD1. Attempt 1/3...
Fetching weather data
Error: HTTPConnectionPool(host='wemosd1_weatherstation.local', port=80): Max retries exceeded with url: /data.json (Caused by NameResolutionError("HTTPConnection(host='wemosd1_weatherstation.local', port=80): Failed to resolve 'wemosd1_weatherstation.local' ([Errno -2] Name or service not known)"))
No Data from WeMosD1. Attempt 2/3...
Fetching weather data
Error: HTTPConnectionPool(host='wemosd1_weatherstation.local', port=80): Max retries exceeded with url: /data.json (Caused by NameResolutionError("HTTPConnection(host='wemosd1_weatherstation.local', port=80): Failed to resolve 'wemosd1_weatherstation.local' ([Errno -2] Name or service not known)"))
No Data from WeMosD1. Attempt 3/3...

--- new cylce ---
Fetching weather data
-> [DB INSERT] Record saved
Current weather data: 21.57 °C

--- new cylce ---
Fetching weather data
-> [DB INSERT] Record saved
Current weather data: 21.57 °C

--- new cylce ---
Fetching weather data
-> [DB INSERT] Record saved
Current weather data: 21.51 °C

--- new cylce ---
Fetching weather data
-> [DB INSERT] Record saved
Current weather data: 14.04 °C

--- new cylce ---
Fetching weather data
Error: HTTPConnectionPool(host='wemosd1_weatherstation.local', port=80): Max retries exceeded with url: /data.json (Caused by NameResolutionError("HTTPConnection(host='wemosd1_weatherstation.local', port=80): Failed to resolve 'wemosd1_weatherstation.local' ([Errno -2] Name or service not known)"))
No Data from WeMosD1. Attempt 1/3...
Fetching weather data
Error: HTTPConnectionPool(host='wemosd1_weatherstation.local', port=80): Max retries exceeded with url: /data.json (Caused by NameResolutionError("HTTPConnection(host='wemosd1_weatherstation.local', port=80): Failed to resolve 'wemosd1_weatherstation.local' ([Errno -2] Name or service not known)"))
No Data from WeMosD1. Attempt 2/3...
Fetching weather data
Error: HTTPConnectionPool(host='wemosd1_weatherstation.local', port=80): Max retries exceeded with url: /data.json (Caused by NameResolutionError("HTTPConnection(host='wemosd1_weatherstation.local', port=80): Failed to resolve 'wemosd1_weatherstation.local' ([Errno -2] Name or service not known)"))
No Data from WeMosD1. Attempt 3/3...
Fetching outdoor weather data
proccess outdoor weather data
-> [DB INSERT] Record saved
Current weather data from API: 2.8 °C

--- new cylce ---
Fetching weather data
-> [DB INSERT] Record saved
Current weather data: 21.51 °C

--- new cylce ---
Fetching weather data
Error: HTTPConnectionPool(host='wemosd1_weatherstation.local', port=80): Max retries exceeded with url: /data.json (Caused by NameResolutionError("HTTPConnection(host='wemosd1_weatherstation.local', port=80): Failed to resolve 'wemosd1_weatherstation.local' ([Errno -2] Name or service not known)"))
No Data from WeMosD1. Attempt 1/3...
Fetching weather data
Error: HTTPConnectionPool(host='wemosd1_weatherstation.local', port=80): Max retries exceeded with url: /data.json (Caused by NameResolutionError("HTTPConnection(host='wemosd1_weatherstation.local', port=80): Failed to resolve 'wemosd1_weatherstation.local' ([Errno -2] Name or service not known)"))
No Data from WeMosD1. Attempt 2/3...
Fetching weather data
Error: HTTPConnectionPool(host='wemosd1_weatherstation.local', port=80): Max retries exceeded with url: /data.json (Caused by NameResolutionError("HTTPConnection(host='wemosd1_weatherstation.local', port=80): Failed to resolve 'wemosd1_weatherstation.local' ([Errno -2] Name or service not known)"))
No Data from WeMosD1. Attempt 3/3...

--- new cylce ---
Fetching weather data
Error: HTTPConnectionPool(host='wemosd1_weatherstation.local', port=80): Max retries exceeded with url: /data.json (Caused by NameResolutionError("HTTPConnection(host='wemosd1_weatherstation.local', port=80): Failed to resolve 'wemosd1_weatherstation.local' ([Errno -2] Name or service not known)"))
No Data from WeMosD1. Attempt 1/3...
Fetching weather data
-> [DB INSERT] Record saved
Current weather data: 21.57 °C

--- new cylce ---
Fetching weather data
-> [DB INSERT] Record saved
Current weather data: 21.75 °C

--- new cylce ---
Fetching weather data
-> [DB INSERT] Record saved
Current weather data: 21.79 °C

--- new cylce ---
Fetching weather data
Error: HTTPConnectionPool(host='wemosd1_weatherstation.local', port=80): Max retries exceeded with url: /data.json (Caused by NameResolutionError("HTTPConnection(host='wemosd1_weatherstation.local', port=80): Failed to resolve 'wemosd1_weatherstation.local' ([Errno -2] Name or service not known)"))
No Data from WeMosD1. Attempt 1/3...
Fetching weather data
-> [DB INSERT] Record saved
Current weather data: 21.94 °C
Fetching outdoor weather data
proccess outdoor weather data
-> [DB INSERT] Record saved
Current weather data from API: 2.8 °C
Starting System MySQL...
-> [DB INIT] Table checkd/created

--- new cylce ---
Fetching weather data
-> [DB INSERT] Record saved
Current weather data: 21.95 °C
Fetching outdoor weather data
proccess outdoor weather data
-> [DB INSERT] Record saved
Current weather data from API: 2.8 °C

--- new cylce ---
Fetching weather data
-> [DB INSERT] Record saved
Current weather data: 21.96 °C

--- new cylce ---
Fetching weather data
-> [DB INSERT] Record saved
Current weather data: 22.04 °C

--- new cylce ---
Fetching weather data
-> [DB INSERT] Record saved
Current weather data: 22.17 °C

--- new cylce ---
Fetching weather data
-> [DB INSERT] Record saved
Current weather data: 22.25 °C

--- new cylce ---
Fetching weather data
-> [DB INSERT] Record saved
Current weather data: 22.26 °C

--- new cylce ---
Fetching weather data
-> [DB INSERT] Record saved
Current weather data: 22.27 °C
Fetching outdoor weather data
proccess outdoor weather data
-> [DB INSERT] Record saved
Current weather data from API: 3.6 °C

--- new cylce ---
Fetching weather data
-> [DB INSERT] Record saved
Current weather data: 22.41 °C

--- new cylce ---
Fetching weather data
-> [DB INSERT] Record saved
Current weather data: 22.33 °C

--- new cylce ---
Fetching weather data
-> [DB INSERT] Record saved
Current weather data: 22.11 °C

--- new cylce ---
Fetching weather data
-> [DB INSERT] Record saved
Current weather data: 22.02 °C

--- new cylce ---
Fetching weather data
-> [DB INSERT] Record saved
Current weather data: 22.01 °C

--- new cylce ---
Fetching weather data
-> [DB INSERT] Record saved
Current weather data: 21.94 °C
Fetching outdoor weather data
proccess outdoor weather data
-> [DB INSERT] Record saved
Current weather data from API: 3.6 °C

--- new cylce ---
Fetching weather data
-> [DB INSERT] Record saved
Current weather data: 21.94 °C

--- new cylce ---
Fetching weather data
-> [DB INSERT] Record saved
Current weather data: 21.93 °C

--- new cylce ---
Fetching weather data
-> [DB INSERT] Record saved
Current weather data: 21.93 °C

--- new cylce ---
Fetching weather data
-> [DB INSERT] Record saved
Current weather data: 22.03 °C

--- new cylce ---
Fetching weather data
-> [DB INSERT] Record saved
Current weather data: 22.16 °C

--- new cylce ---
Fetching weather data
-> [DB INSERT] Record saved
Current weather data: 22.25 °C
Fetching outdoor weather data
Error: ('Connection aborted.', ConnectionResetError(104, 'Connection reset by peer'))
No Data from API. Only get 1 per Hour

--- new cylce ---
Fetching weather data
-> [DB INSERT] Record saved
Current weather data: 22.6 °C

--- new cylce ---
Fetching weather data
-> [DB INSERT] Record saved
Current weather data: 22.61 °C

--- new cylce ---
Fetching weather data
-> [DB INSERT] Record saved
Current weather data: 22.62 °C

--- new cylce ---
Fetching weather data
-> [DB INSERT] Record saved
Current weather data: 22.63 °C

--- new cylce ---
Fetching weather data
-> [DB INSERT] Record saved
Current weather data: 22.42 °C

--- new cylce ---
Fetching weather data
-> [DB INSERT] Record saved
Current weather data: 22.33 °C
Fetching outdoor weather data
proccess outdoor weather data
-> [DB INSERT] Record saved
Current weather data from API: 4.8 °C

--- new cylce ---
Fetching weather data
-> [DB INSERT] Record saved
Current weather data: 22.31 °C

--- new cylce ---
Fetching weather data
-> [DB INSERT] Record saved
Current weather data: 22.31 °C

--- new cylce ---
Fetching weather data
-> [DB INSERT] Record saved
Current weather data: 22.46 °C

--- new cylce ---
Fetching weather data
-> [DB INSERT] Record saved
Current weather data: 22.55 °C

--- new cylce ---
Fetching weather data
-> [DB INSERT] Record saved
Current weather data: 22.58 °C

--- new cylce ---
Fetching weather data
-> [DB INSERT] Record saved
Current weather data: 22.78 °C
Fetching outdoor weather data
proccess outdoor weather data
-> [DB INSERT] Record saved
Current weather data from API: 6.2 °C

--- new cylce ---
Fetching weather data
-> [DB INSERT] Record saved
Current weather data: 22.66 °C

--- new cylce ---
Fetching weather data
-> [DB INSERT] Record saved
Current weather data: 22.53 °C

--- new cylce ---
Fetching weather data
-> [DB INSERT] Record saved
Current weather data: 22.38 °C

--- new cylce ---
Fetching weather data
-> [DB INSERT] Record saved
Current weather data: 22.38 °C

--- new cylce ---
Fetching weather data
-> [DB INSERT] Record saved
Current weather data: 22.31 °C

--- new cylce ---
Fetching weather data
-> [DB INSERT] Record saved
Current weather data: 22.38 °C
Fetching outdoor weather data
proccess outdoor weather data
-> [DB INSERT] Record saved
Current weather data from API: 6.2 °C

--- new cylce ---
Fetching weather data
-> [DB INSERT] Record saved
Current weather data: 22.48 °C

--- new cylce ---
Fetching weather data
-> [DB INSERT] Record saved
Current weather data: 22.56 °C

--- new cylce ---
Fetching weather data
-> [DB INSERT] Record saved
Current weather data: 22.57 °C

--- new cylce ---
Fetching weather data
-> [DB INSERT] Record saved
Current weather data: 22.58 °C

--- new cylce ---
Fetching weather data
-> [DB INSERT] Record saved
Current weather data: 22.65 °C

--- new cylce ---
Fetching weather data
-> [DB INSERT] Record saved
Current weather data: 22.79 °C
Fetching outdoor weather data
proccess outdoor weather data
-> [DB INSERT] Record saved
Current weather data from API: 6.6 °C

--- new cylce ---
Fetching weather data
-> [DB INSERT] Record saved
Current weather data: 22.8 °C

--- new cylce ---
Fetching weather data
-> [DB INSERT] Record saved
Current weather data: 22.8 °C

--- new cylce ---
Fetching weather data
-> [DB INSERT] Record saved
Current weather data: 22.66 °C

--- new cylce ---
Fetching weather data
-> [DB INSERT] Record saved
Current weather data: 22.57 °C

--- new cylce ---
Fetching weather data
-> [DB INSERT] Record saved
Current weather data: 22.47 °C

--- new cylce ---
Fetching weather data
-> [DB INSERT] Record saved
Current weather data: 22.46 °C
Fetching outdoor weather data
proccess outdoor weather data
-> [DB INSERT] Record saved
Current weather data from API: 6.6 °C

--- new cylce ---
Fetching weather data
-> [DB INSERT] Record saved
Current weather data: 22.39 °C

--- new cylce ---
Fetching weather data
-> [DB INSERT] Record saved
Current weather data: 22.32 °C

--- new cylce ---
Fetching weather data
-> [DB INSERT] Record saved
Current weather data: 22.31 °C

--- new cylce ---
Fetching weather data
-> [DB INSERT] Record saved
Current weather data: 22.3 °C

--- new cylce ---
Fetching weather data
-> [DB INSERT] Record saved
Current weather data: 22.3 °C

--- new cylce ---
Fetching weather data
-> [DB INSERT] Record saved
Current weather data: 22.23 °C
Fetching outdoor weather data
proccess outdoor weather data
-> [DB INSERT] Record saved
Current weather data from API: 6.7 °C

--- new cylce ---
Fetching weather data
-> [DB INSERT] Record saved
Current weather data: 22.3 °C
